<?xml version="1.0" encoding="UTF-8"?>
<!-- Generated by org.testng.reporters.JUnitReportReporter -->
<testsuite hostname="SANTOSH-PC" name="Testscripts.TC002_POST_RegisterFail" tests="1" failures="0" timestamp="21 Jul 2020 10:19:47 GMT" time="4.174" errors="0">
  <testcase name="test" time="4.174" classname="Testscripts.TC002_POST_RegisterFail"/>
</testsuite> <!-- Testscripts.TC002_POST_RegisterFail -->
