<?xml version="1.0" encoding="UTF-8"?>
<!-- Generated by org.testng.reporters.JUnitReportReporter -->
<testsuite hostname="SANTOSH-PC" name="testscripts.TC001_GET_ListUsers" tests="1" failures="0" timestamp="21 Jul 2020 11:39:12 GMT" time="0.985" errors="0">
  <testcase name="test" time="0.985" classname="testscripts.TC001_GET_ListUsers"/>
</testsuite> <!-- testscripts.TC001_GET_ListUsers -->
