<?xml version="1.0" encoding="UTF-8"?>
<!-- Generated by org.testng.reporters.JUnitReportReporter -->
<testsuite hostname="SANTOSH-PC" name="testscripts.TC001_GET" tests="1" failures="0" timestamp="9 Oct 2020 07:15:04 GMT" time="10.270" errors="0">
  <testcase name="test1" time="10.270" classname="testscripts.TC001_GET"/>
</testsuite> <!-- testscripts.TC001_GET -->
