<?xml version="1.0" encoding="UTF-8"?>
<!-- Generated by org.testng.reporters.JUnitReportReporter -->
<testsuite hostname="SANTOSH-PC" name="testscripts.TC003_PUT_UpdateDetails" tests="1" failures="0" timestamp="28 Sep 2020 05:39:22 GMT" time="8.214" errors="0">
  <testcase name="test" time="8.214" classname="testscripts.TC003_PUT_UpdateDetails"/>
</testsuite> <!-- testscripts.TC003_PUT_UpdateDetails -->
