<?xml version="1.0" encoding="UTF-8"?>
<!-- Generated by org.testng.reporters.JUnitReportReporter -->
<testsuite hostname="SANTOSH-PC" name="testscripts.TC001_GET_ListUsers" tests="1" failures="0" timestamp="9 Oct 2020 06:38:00 GMT" time="9.421" errors="0">
  <testcase name="test" time="9.421" classname="testscripts.TC001_GET_ListUsers"/>
</testsuite> <!-- testscripts.TC001_GET_ListUsers -->
