<?xml version="1.0" encoding="UTF-8"?>
<!-- Generated by org.testng.reporters.JUnitReportReporter -->
<testsuite hostname="SANTOSH-PC" name="testscripts.TC001_GET_Singleuser" tests="1" failures="0" timestamp="21 Jul 2020 11:39:12 GMT" time="0.705" errors="0">
  <testcase name="test" time="0.705" classname="testscripts.TC001_GET_Singleuser"/>
</testsuite> <!-- testscripts.TC001_GET_Singleuser -->
