<?xml version="1.0" encoding="UTF-8"?>
<!-- Generated by org.testng.reporters.JUnitReportReporter -->
<testsuite hostname="SANTOSH-PC" name="testscripts.TC002_POST" tests="1" failures="0" timestamp="27 Jul 2020 06:23:38 GMT" time="1.015" errors="0">
  <testcase name="test" time="1.015" classname="testscripts.TC002_POST"/>
</testsuite> <!-- testscripts.TC002_POST -->
