<?xml version="1.0" encoding="UTF-8"?>
<!-- Generated by org.testng.reporters.JUnitReportReporter -->
<testsuite hostname="SANTOSH-PC" name="Testscripts.TC002_POST_RegieterUnsuccess" tests="1" failures="0" timestamp="21 Jul 2020 10:29:22 GMT" time="5.528" errors="0">
  <testcase name="test" time="5.528" classname="Testscripts.TC002_POST_RegieterUnsuccess"/>
</testsuite> <!-- Testscripts.TC002_POST_RegieterUnsuccess -->
