<?xml version="1.0" encoding="UTF-8"?>
<!-- Generated by org.testng.reporters.JUnitReportReporter -->
<testsuite hostname="SANTOSH-PC" name="testscripts.TC001_GET" tests="1" failures="0" timestamp="21 Jul 2020 11:39:12 GMT" time="3.343" errors="0">
  <testcase name="test" time="3.343" classname="testscripts.TC001_GET"/>
</testsuite> <!-- testscripts.TC001_GET -->
