<?xml version="1.0" encoding="UTF-8"?>
<!-- Generated by org.testng.reporters.JUnitReportReporter -->
<testsuite hostname="SANTOSH-PC" name="testscripts.TC001_GET_UserNotFound" tests="1" failures="0" timestamp="21 Jul 2020 11:39:12 GMT" time="1.077" errors="0">
  <testcase name="test" time="1.077" classname="testscripts.TC001_GET_UserNotFound"/>
</testsuite> <!-- testscripts.TC001_GET_UserNotFound -->
