<?xml version="1.0" encoding="UTF-8"?>
<!-- Generated by org.testng.reporters.JUnitReportReporter -->
<testsuite hostname="SANTOSH-PC" name="testscripts.TC001_GET_Singleuser" tests="1" failures="0" timestamp="27 Jul 2020 11:52:48 GMT" time="10.017" errors="0">
  <testcase name="test" time="10.017" classname="testscripts.TC001_GET_Singleuser"/>
</testsuite> <!-- testscripts.TC001_GET_Singleuser -->
