<?xml version="1.0" encoding="UTF-8"?>
<!-- Generated by org.testng.reporters.JUnitReportReporter -->
<testsuite hostname="SANTOSH-PC" name="testscripts.TC001_GET_UserNotFound" tests="1" failures="0" timestamp="27 Jul 2020 06:23:38 GMT" time="0.973" errors="0">
  <testcase name="test" time="0.973" classname="testscripts.TC001_GET_UserNotFound"/>
</testsuite> <!-- testscripts.TC001_GET_UserNotFound -->
