<?xml version="1.0" encoding="UTF-8"?>
<!-- Generated by org.testng.reporters.JUnitReportReporter -->
<testsuite hostname="SANTOSH-PC" name="testscripts.TC002_POST_RegisterSuccess" tests="1" failures="0" timestamp="7 Oct 2020 05:29:28 GMT" time="5.644" errors="0">
  <testcase name="test" time="5.644" classname="testscripts.TC002_POST_RegisterSuccess"/>
</testsuite> <!-- testscripts.TC002_POST_RegisterSuccess -->
