<?xml version="1.0" encoding="UTF-8"?>
<!-- Generated by org.testng.reporters.JUnitReportReporter -->
<testsuite hostname="SANTOSH-PC" name="testscripts.TC002_POST_RegisterUnsuccess" tests="1" failures="0" timestamp="21 Jul 2020 11:39:12 GMT" time="5.267" errors="0">
  <testcase name="test" time="5.267" classname="testscripts.TC002_POST_RegisterUnsuccess"/>
</testsuite> <!-- testscripts.TC002_POST_RegisterUnsuccess -->
